<?xml version="1.0" encoding="UTF-8"?>
<testsuite xmlns:xsi="http://www.w3.org/2001/XMLSchema-instance" xsi:noNamespaceSchemaLocation="https://maven.apache.org/surefire/maven-surefire-plugin/xsd/surefire-test-report-3.0.xsd" version="3.0" name="com.haochen.kvstore.KVStoreTest" time="0.571" tests="13" errors="0" skipped="0" failures="0">
  <properties>
[...]
</properties>
  <testcase name="testZeroCapacityStore" classname="com.haochen.kvstore.KVStoreTest" time="0.041"/>
  <testcase name="testExpiredEntryBehavesAsAbsent" classname="com.haochen.kvstore.KVStoreTest" time="0.087"/>
  <testcase name="testSingleCapacityEviction" classname="com.haochen.kvstore.KVStoreTest" time="0.002"/>
  <testcase name="testDeleteMissingKeyThrowsException" classname="com.haochen.kvstore.KVStoreTest" time="0.002"/>
  <testcase name="testLRUDoesNotEvictExpiredEntries" classname="com.haochen.kvstore.KVStoreTest" time="0.084"/>
  <testcase name="testContainsKeyWithExpiredEntry" classname="com.haochen.kvstore.KVStoreTest" time="0.093"/>
  <testcase name="testFIFOEvictionOrder" classname="com.haochen.kvstore.KVStoreTest" time="0.003"/>
  <testcase name="testTTLExpirationDoesNotCountAsEviction" classname="com.haochen.kvstore.KVStoreTest" time="0.092"/>
  <testcase name="testGetMissingKeyThrowsException" classname="com.haochen.kvstore.KVStoreTest" time="0.002"/>
  <testcase name="testGetUpdatesLRUOrder" classname="com.haochen.kvstore.KVStoreTest" time="0.001"/>
  <testcase name="testPutResetsTTL" classname="com.haochen.kvstore.KVStoreTest" time="0.12"/>
  <testcase name="testIteratorReturnsAllEntries" classname="com.haochen.kvstore.KVStoreTest" time="0.001"/>
  <testcase name="testNegativeCapacityStore" classname="com.haochen.kvstore.KVStoreTest" time="0.002"/>
</testsuite>